#
# A fatal error has been detected by the Java Runtime Environment:
#
#  EXCEPTION_PRIV_INSTRUCTION (0xc0000096) at pc=0x00000000031f59ad, pid=11820, tid=0x0000000000001948
#
# JRE version: Java(TM) SE Runtime Environment (8.0_202-b08) (build 1.8.0_202-b08)
# Java VM: Java HotSpot(TM) 64-Bit Server VM (25.202-b08 mixed mode windows-amd64 compressed oops)
# Problematic frame:
# 
[error occurred during error reporting (printing problematic frame), id 0xc0000005]

# Failed to write core dump. Minidumps are not enabled by default on client versions of Windows
#
# If you would like to submit a bug report, please visit:
#   http://bugreport.java.com/bugreport/crash.jsp
#

---------------  T H R E A D  ---------------

Current thread (0x000000001fbdb800):  JavaThread "background-preinit" [_thread_in_Java, id=6472, stack(0x0000000020e90000,0x0000000020f90000)]

siginfo: ExceptionCode=0xc0000096

Registers:
RAX=0x0000000000000000, RBX=0x0000000000000050, RCX=0x0000000000000000, RDX=0x0000000000000000
RSP=0x0000000020f8f130, RBP=0x0000000020f8f1b0, RSI=0x0000000020200020, RDI=0x0000000000000010
R8 =0x0000000000000061, R9 =0x0000000002ee07f0, R10=0x0000000000000061, R11=0x0000000020f8e900
R12=0x0000000000000000, R13=0x0000000020cc5099, R14=0x0000000020f8f1b8, R15=0x000000001fbdb800
RIP=0x00000000031f59ad, EFLAGS=0x0000000000010206

Top of Stack: (sp=0x0000000020f8f130)
0x0000000020f8f130:   000000001fbdb800 0000000020f8f1b8
0x0000000020f8f140:   0000000000000050 0000000020200020
0x0000000020f8f150:   0000000020cc51c0 000000006061e6f0
0x0000000020f8f160:   0000000000000006 0000000000000006
0x0000000020f8f170:   0000000000000010 0000000020200020
0x0000000020f8f180:   0000000020f8f1b0 0000000020f8f1b0
0x0000000020f8f190:   0000000000000050 0000000020f8f1c0
0x0000000020f8f1a0:   0000000020f8f1b8 0000000041c54250
0x0000000020f8f1b0:   0000000020f8f200 00000000031f80e0
0x0000000020f8f1c0:   0000000020f8f1c0 0000000020cc4af8
0x0000000020f8f1d0:   0000000020f8f218 0000000020cc4c58
0x0000000020f8f1e0:   0000000000000000 0000000020cc4b30
0x0000000020f8f1f0:   0000000020f8f1c0 0000000020f8f218
0x0000000020f8f200:   0000000020f8f260 00000000031f83a2
0x0000000020f8f210:   0000000000000000 000000076c18a320
0x0000000020f8f220:   0000000020f8f220 0000000020cc2639 

Instructions: (pc=0x00000000031f59ad)
0x00000000031f598d:   48 b9 c0 df 40 60 00 00 00 00 48 ba 37 59 1f 03
0x00000000031f599d:   00 00 00 00 4c 8b c4 48 83 e4 f0 e8 13 13 f1 5c
0x00000000031f59ad:   f4 66 90 00 00 00 00 00 00 00 00 00 00 00 00 00
0x00000000031f59bd:   00 00 00 80 20 00 00 00 00 00 00 a8 df 40 60 00 


Register to memory mapping:

RAX=0x0000000000000000 is an unknown value
RBX=0x0000000000000050 is an unknown value
RCX=0x0000000000000000 is an unknown value
RDX=0x0000000000000000 is an unknown value
RSP=0x0000000020f8f130 is pointing into the stack for thread: 0x000000001fbdb800
RBP=0x0000000020f8f1b0 is pointing into the stack for thread: 0x000000001fbdb800
RSI=0x0000000020200020 is an unknown value
RDI=0x0000000000000010 is an unknown value
R8 =0x0000000000000061 is an unknown value
R9 =0x0000000002ee07f0 is an unknown value
R10=0x0000000000000061 is an unknown value
R11=0x0000000020f8e900 is pointing into the stack for thread: 0x000000001fbdb800
R12=0x0000000000000000 is an unknown value
R13=0x0000000020cc5099 is pointing into metadata
R14=0x0000000020f8f1b8 is pointing into the stack for thread: 0x000000001fbdb800
R15=0x000000001fbdb800 is a thread


Stack: [0x0000000020e90000,0x0000000020f90000],  sp=0x0000000020f8f130,  free space=1020k
Native frames: (J=compiled Java code, j=interpreted, Vv=VM code, C=native code)
C  0x00000000031f59ad


---------------  P R O C E S S  ---------------

Java Threads: ( => current thread )
=>0x000000001fbdb800 JavaThread "background-preinit" [_thread_in_Java, id=6472, stack(0x0000000020e90000,0x0000000020f90000)]
  0x000000001fa7f800 JavaThread "restartedMain" [_thread_in_native, id=44588, stack(0x0000000020990000,0x0000000020a90000)]
  0x000000001fa54800 JavaThread "Thread-1" [_thread_blocked, id=7624, stack(0x0000000020890000,0x0000000020990000)]
  0x000000001f7af800 JavaThread "RMI TCP Accept-0" daemon [_thread_in_native, id=22248, stack(0x0000000020340000,0x0000000020440000)]
  0x000000001ecec000 JavaThread "Service Thread" daemon [_thread_blocked, id=43248, stack(0x000000001ff00000,0x0000000020000000)]
  0x000000001ecfe000 JavaThread "C1 CompilerThread3" daemon [_thread_blocked, id=14052, stack(0x000000001fe00000,0x000000001ff00000)]
  0x000000001f530800 JavaThread "C2 CompilerThread2" daemon [_thread_blocked, id=2576, stack(0x000000001fd00000,0x000000001fe00000)]
  0x000000001ecb9000 JavaThread "C2 CompilerThread1" daemon [_thread_blocked, id=26720, stack(0x000000001f400000,0x000000001f500000)]
  0x000000001ec5a000 JavaThread "C2 CompilerThread0" daemon [_thread_blocked, id=16924, stack(0x000000001f300000,0x000000001f400000)]
  0x000000001ec59800 JavaThread "Monitor Ctrl-Break" daemon [_thread_in_native, id=32588, stack(0x000000001f200000,0x000000001f300000)]
  0x000000001e937000 JavaThread "Attach Listener" daemon [_thread_blocked, id=47092, stack(0x000000001f100000,0x000000001f200000)]
  0x000000001e936000 JavaThread "Signal Dispatcher" daemon [_thread_blocked, id=6672, stack(0x000000001f000000,0x000000001f100000)]
  0x000000001e921000 JavaThread "Finalizer" daemon [_thread_blocked, id=44940, stack(0x000000001ee00000,0x000000001ef00000)]
  0x000000001cb1d800 JavaThread "Reference Handler" daemon [_thread_blocked, id=33240, stack(0x000000001ed00000,0x000000001ee00000)]
  0x00000000030f6000 JavaThread "main" [_thread_blocked, id=19316, stack(0x0000000002ef0000,0x0000000002ff0000)]

Other Threads:
  0x000000001cb19800 VMThread [stack: 0x000000001e800000,0x000000001e900000] [id=18540]
  0x000000001f7b9000 WatcherThread [stack: 0x0000000020440000,0x0000000020540000] [id=38748]

VM state:not at safepoint (normal execution)

VM Mutex/Monitor currently owned by a thread: None

heap address: 0x00000006c3600000, size: 4042 MB, Compressed Oops mode: Zero based, Oop shift amount: 3
Narrow klass base: 0x0000000000000000, Narrow klass shift: 3
Compressed class space size: 1073741824 Address: 0x00000007c0000000

Heap:
 PSYoungGen      total 75776K, used 13943K [0x000000076bd00000, 0x0000000775100000, 0x00000007c0000000)
  eden space 65024K, 8% used [0x000000076bd00000,0x000000076c2a5600,0x000000076fc80000)
  from space 10752K, 75% used [0x000000076fc80000,0x0000000770478980,0x0000000770700000)
  to   space 10752K, 0% used [0x0000000774680000,0x0000000774680000,0x0000000775100000)
 ParOldGen       total 173568K, used 16K [0x00000006c3600000, 0x00000006cdf80000, 0x000000076bd00000)
  object space 173568K, 0% used [0x00000006c3600000,0x00000006c3604000,0x00000006cdf80000)
 Metaspace       used 14088K, capacity 14790K, committed 14848K, reserved 1062912K
  class space    used 1876K, capacity 2034K, committed 2048K, reserved 1048576K

Card table byte_map: [0x00000000125b0000,0x0000000012da0000] byte_map_base: 0x000000000ef95000

Marking Bits: (ParMarkBitMap*) 0x0000000060635ce0
 Begin Bits: [0x0000000013af0000, 0x0000000017a18000)
 End Bits:   [0x0000000017a18000, 0x000000001b940000)

Polling page: 0x00000000014c0000

CodeCache: size=245760Kb used=3139Kb max_used=3139Kb free=242620Kb
 bounds [0x00000000031f0000, 0x0000000003510000, 0x00000000121f0000]
 total_blobs=1714 nmethods=1343 adapters=283
 compilation: enabled

Compilation events (10 events):
Event: 0.961 Thread 0x000000001ecfe000 nmethod 1330 0x00000000034f9c50 code [0x00000000034f9da0, 0x00000000034f9ed0]
Event: 0.961 Thread 0x000000001ecfe000 1331       1       java.util.concurrent.CopyOnWriteArrayList$COWIterator::<init> (15 bytes)
Event: 0.961 Thread 0x000000001ecfe000 nmethod 1331 0x00000000034f9f10 code [0x00000000034fa060, 0x00000000034fa190]
Event: 0.961 Thread 0x000000001ecfe000 1332       1       org.springframework.core.ResolvableType::getGenerics (148 bytes)
Event: 0.961 Thread 0x000000001ecfe000 nmethod 1332 0x00000000034fa1d0 code [0x00000000034fa3c0, 0x00000000034fabe8]
Event: 0.963 Thread 0x000000001ecfe000 1333       1       sun.reflect.generics.reflectiveObjects.ParameterizedTypeImpl::hashCode (24 bytes)
Event: 0.963 Thread 0x000000001ecfe000 nmethod 1333 0x00000000034fb090 code [0x00000000034fb200, 0x00000000034fb3e8]
Event: 0.963 Thread 0x000000001ecfe000 1334       1       org.springframework.core.ResolvableType::getInterfaces (68 bytes)
Event: 0.964 Thread 0x000000001ecfe000 nmethod 1334 0x00000000034fb4d0 code [0x00000000034fb680, 0x00000000034fbaf8]
Event: 0.964 Thread 0x000000001ecfe000 1337   !   1       java.util.concurrent.ConcurrentHashMap::computeIfAbsent (493 bytes)

GC Heap History (2 events):
Event: 0.925 GC heap before
{Heap before GC invocations=1 (full 0):
 PSYoungGen      total 75776K, used 65024K [0x000000076bd00000, 0x0000000771180000, 0x00000007c0000000)
  eden space 65024K, 100% used [0x000000076bd00000,0x000000076fc80000,0x000000076fc80000)
  from space 10752K, 0% used [0x0000000770700000,0x0000000770700000,0x0000000771180000)
  to   space 10752K, 0% used [0x000000076fc80000,0x000000076fc80000,0x0000000770700000)
 ParOldGen       total 173568K, used 0K [0x00000006c3600000, 0x00000006cdf80000, 0x000000076bd00000)
  object space 173568K, 0% used [0x00000006c3600000,0x00000006c3600000,0x00000006cdf80000)
 Metaspace       used 13600K, capacity 14190K, committed 14336K, reserved 1060864K
  class space    used 1772K, capacity 1926K, committed 2048K, reserved 1048576K
Event: 0.935 GC heap after
Heap after GC invocations=1 (full 0):
 PSYoungGen      total 75776K, used 8162K [0x000000076bd00000, 0x0000000775100000, 0x00000007c0000000)
  eden space 65024K, 0% used [0x000000076bd00000,0x000000076bd00000,0x000000076fc80000)
  from space 10752K, 75% used [0x000000076fc80000,0x0000000770478980,0x0000000770700000)
  to   space 10752K, 0% used [0x0000000774680000,0x0000000774680000,0x0000000775100000)
 ParOldGen       total 173568K, used 16K [0x00000006c3600000, 0x00000006cdf80000, 0x000000076bd00000)
  object space 173568K, 0% used [0x00000006c3600000,0x00000006c3604000,0x00000006cdf80000)
 Metaspace       used 13600K, capacity 14190K, committed 14336K, reserved 1060864K
  class space    used 1772K, capacity 1926K, committed 2048K, reserved 1048576K
}

Deoptimization events (0 events):
No events

Classes redefined (0 events):
No events

Internal exceptions (10 events):
Event: 0.820 Thread 0x000000001fa7f800 Exception <a 'java/lang/NoSuchMethodError': java.lang.Object.lambda$comparing$77a9974f$1(Ljava/util/function/Function;Ljava/lang/Object;Ljava/lang/Object;)I> (0x000000076f17c488) thrown at [C:\re\workspace\8-2-build-windows-amd64-cygwin\jdk8u202\12323\hot
Event: 0.832 Thread 0x000000001fa7f800 Exception <a 'java/lang/ArrayIndexOutOfBoundsException'> (0x000000076f2ca118) thrown at [C:\re\workspace\8-2-build-windows-amd64-cygwin\jdk8u202\12323\hotspot\src\share\vm\runtime\sharedRuntime.cpp, line 605]
Event: 0.832 Thread 0x000000001fa7f800 Exception <a 'java/lang/ArrayIndexOutOfBoundsException'> (0x000000076f2dcee8) thrown at [C:\re\workspace\8-2-build-windows-amd64-cygwin\jdk8u202\12323\hotspot\src\share\vm\runtime\sharedRuntime.cpp, line 605]
Event: 0.833 Thread 0x000000001fa7f800 Exception <a 'java/lang/ArrayIndexOutOfBoundsException'> (0x000000076f2de7b0) thrown at [C:\re\workspace\8-2-build-windows-amd64-cygwin\jdk8u202\12323\hotspot\src\share\vm\runtime\sharedRuntime.cpp, line 605]
Event: 0.839 Thread 0x000000001fa7f800 Exception <a 'java/lang/NoSuchMethodError': java.lang.Object.lambda$from$1(Ljava/util/function/Supplier;Lorg/springframework/boot/BootstrapContext;)Ljava/lang/Object;> (0x000000076f3b6a00) thrown at [C:\re\workspace\8-2-build-windows-amd64-cygwin\jdk8u202
Event: 0.871 Thread 0x000000001fa7f800 Exception <a 'java/lang/ArrayIndexOutOfBoundsException'> (0x000000076f62cb80) thrown at [C:\re\workspace\8-2-build-windows-amd64-cygwin\jdk8u202\12323\hotspot\src\share\vm\runtime\sharedRuntime.cpp, line 605]
Event: 0.875 Thread 0x000000001fa7f800 Exception <a 'java/lang/NoSuchMethodError': java.lang.Object.lambda$and$0(Ljava/util/function/Predicate;Ljava/lang/Object;)Z> (0x000000076f6ace50) thrown at [C:\re\workspace\8-2-build-windows-amd64-cygwin\jdk8u202\12323\hotspot\src\share\vm\interpreter\li
Event: 0.881 Thread 0x000000001fa7f800 Exception <a 'java/lang/ArrayIndexOutOfBoundsException'> (0x000000076f73eab8) thrown at [C:\re\workspace\8-2-build-windows-amd64-cygwin\jdk8u202\12323\hotspot\src\share\vm\runtime\sharedRuntime.cpp, line 605]
Event: 0.881 Thread 0x000000001fa7f800 Exception <a 'java/lang/ArrayIndexOutOfBoundsException'> (0x000000076f74e100) thrown at [C:\re\workspace\8-2-build-windows-amd64-cygwin\jdk8u202\12323\hotspot\src\share\vm\runtime\sharedRuntime.cpp, line 605]
Event: 0.961 Thread 0x000000001fa7f800 Exception <a 'java/lang/ArrayIndexOutOfBoundsException'> (0x000000076c0695a0) thrown at [C:\re\workspace\8-2-build-windows-amd64-cygwin\jdk8u202\12323\hotspot\src\share\vm\runtime\sharedRuntime.cpp, line 605]

Events (10 events):
Event: 0.963 loading class org/springframework/boot/context/properties/bind/Bindable
Event: 0.963 loading class org/springframework/boot/context/properties/bind/Bindable done
Event: 0.963 loading class org/springframework/boot/EnvironmentConverter
Event: 0.963 loading class org/springframework/boot/EnvironmentConverter done
Event: 0.964 loading class org/springframework/boot/autoconfigure/BackgroundPreinitializer$ValidationInitializer
Event: 0.964 loading class org/springframework/boot/autoconfigure/BackgroundPreinitializer$ValidationInitializer done
Event: 0.964 loading class javax/validation/Validation
Event: 0.964 loading class javax/validation/Validation done
Event: 0.965 loading class org/springframework/boot/SpringApplicationBannerPrinter
Event: 0.965 loading class org/springframework/boot/SpringApplicationBannerPrinter done


Dynamic libraries:
0x00007ff6ed450000 - 0x00007ff6ed487000 	C:\Program Files\Java\jdk1.8.0_202\bin\java.exe
0x00007ffd30310000 - 0x00007ffd30524000 	C:\WINDOWS\SYSTEM32\ntdll.dll
0x00007ffd2e5c0000 - 0x00007ffd2e684000 	C:\WINDOWS\System32\KERNEL32.DLL
0x00007ffd2d7e0000 - 0x00007ffd2db84000 	C:\WINDOWS\System32\KERNELBASE.dll
0x00007ffd2e990000 - 0x00007ffd2ea40000 	C:\WINDOWS\System32\ADVAPI32.dll
0x00007ffd2f2e0000 - 0x00007ffd2f387000 	C:\WINDOWS\System32\msvcrt.dll
0x00007ffd2ea40000 - 0x00007ffd2eae6000 	C:\WINDOWS\System32\sechost.dll
0x00007ffd2eaf0000 - 0x00007ffd2ec07000 	C:\WINDOWS\System32\RPCRT4.dll
0x00007ffd2e740000 - 0x00007ffd2e8ee000 	C:\WINDOWS\System32\USER32.dll
0x00007ffd2db90000 - 0x00007ffd2dbb6000 	C:\WINDOWS\System32\win32u.dll
0x00007ffd30180000 - 0x00007ffd301a9000 	C:\WINDOWS\System32\GDI32.dll
0x00007ffd2dd50000 - 0x00007ffd2de68000 	C:\WINDOWS\System32\gdi32full.dll
0x00007ffd2d6c0000 - 0x00007ffd2d75a000 	C:\WINDOWS\System32\msvcp_win.dll
0x00007ffd2dbc0000 - 0x00007ffd2dcd1000 	C:\WINDOWS\System32\ucrtbase.dll
0x00007ffd12540000 - 0x00007ffd127d3000 	C:\WINDOWS\WinSxS\amd64_microsoft.windows.common-controls_6595b64144ccf1df_6.0.22621.2215_none_270d72677387dfc3\COMCTL32.dll
0x00007ffd2f390000 - 0x00007ffd2f3c1000 	C:\WINDOWS\System32\IMM32.DLL
0x0000000060f60000 - 0x0000000061032000 	C:\Program Files\Java\jdk1.8.0_202\jre\bin\msvcr100.dll
0x000000005fe10000 - 0x00000000606b5000 	C:\Program Files\Java\jdk1.8.0_202\jre\bin\server\jvm.dll
0x00007ffd2f3d0000 - 0x00007ffd2f3d8000 	C:\WINDOWS\System32\PSAPI.DLL
0x00007ffd0f920000 - 0x00007ffd0f929000 	C:\WINDOWS\SYSTEM32\WSOCK32.dll
0x00007ffd2f3e0000 - 0x00007ffd2f451000 	C:\WINDOWS\System32\WS2_32.dll
0x00007ffd247c0000 - 0x00007ffd247f4000 	C:\WINDOWS\SYSTEM32\WINMM.dll
0x00007ffd246e0000 - 0x00007ffd246ea000 	C:\WINDOWS\SYSTEM32\VERSION.dll
0x00007ffd289d0000 - 0x00007ffd289df000 	C:\Program Files\Java\jdk1.8.0_202\jre\bin\verify.dll
0x00007ffd28860000 - 0x00007ffd28889000 	C:\Program Files\Java\jdk1.8.0_202\jre\bin\java.dll
0x00007ffd26610000 - 0x00007ffd26633000 	C:\Program Files\Java\jdk1.8.0_202\jre\bin\instrument.dll
0x00007ffd289a0000 - 0x00007ffd289b6000 	C:\Program Files\Java\jdk1.8.0_202\jre\bin\zip.dll
0x00007ffd2f460000 - 0x00007ffd2fc83000 	C:\WINDOWS\System32\SHELL32.dll
0x00007ffd2b660000 - 0x00007ffd2bf4a000 	C:\WINDOWS\SYSTEM32\windows.storage.dll
0x00007ffd2fc90000 - 0x00007ffd3001a000 	C:\WINDOWS\System32\combase.dll
0x00007ffd2b520000 - 0x00007ffd2b65e000 	C:\WINDOWS\SYSTEM32\wintypes.dll
0x00007ffd30080000 - 0x00007ffd30173000 	C:\WINDOWS\System32\SHCORE.dll
0x00007ffd2ef20000 - 0x00007ffd2ef7e000 	C:\WINDOWS\System32\shlwapi.dll
0x00007ffd2d5f0000 - 0x00007ffd2d616000 	C:\WINDOWS\SYSTEM32\profapi.dll
0x00007ffd28900000 - 0x00007ffd2891a000 	C:\Program Files\JetBrains\IntelliJ\IntelliJ IDEA 2020.1\bin\breakgen64.dll
0x00007ffd280c0000 - 0x00007ffd280da000 	C:\Program Files\Java\jdk1.8.0_202\jre\bin\net.dll
0x00007ffd05900000 - 0x00007ffd05af0000 	C:\WINDOWS\SYSTEM32\urlmon.dll
0x00007ffd116e0000 - 0x00007ffd1199c000 	C:\WINDOWS\SYSTEM32\iertutil.dll
0x00007ffd05680000 - 0x00007ffd056a9000 	C:\WINDOWS\SYSTEM32\srvcli.dll
0x00007ffd2c210000 - 0x00007ffd2c21c000 	C:\WINDOWS\SYSTEM32\netutils.dll
0x00007ffd2cc80000 - 0x00007ffd2cce9000 	C:\WINDOWS\system32\mswsock.dll
0x00007ffd2c250000 - 0x00007ffd2c342000 	C:\WINDOWS\SYSTEM32\DNSAPI.dll
0x00007ffd2c220000 - 0x00007ffd2c24d000 	C:\WINDOWS\SYSTEM32\IPHLPAPI.DLL
0x00007ffd2ef90000 - 0x00007ffd2ef99000 	C:\WINDOWS\System32\NSI.dll
0x00007ffd246b0000 - 0x00007ffd246ba000 	C:\Windows\System32\rasadhlp.dll
0x00007ffd21f70000 - 0x00007ffd21ff4000 	C:\WINDOWS\System32\fwpuclnt.dll
0x00007ffd28930000 - 0x00007ffd2893d000 	C:\Program Files\Java\jdk1.8.0_202\jre\bin\management.dll
0x00007ffd1dc20000 - 0x00007ffd1dc32000 	C:\Program Files\Java\jdk1.8.0_202\jre\bin\nio.dll
0x00007ffd2ced0000 - 0x00007ffd2ceeb000 	C:\WINDOWS\SYSTEM32\CRYPTSP.dll
0x00007ffd2c770000 - 0x00007ffd2c7a5000 	C:\WINDOWS\system32\rsaenh.dll
0x00007ffd2cd70000 - 0x00007ffd2cd9c000 	C:\WINDOWS\SYSTEM32\USERENV.dll
0x00007ffd2d090000 - 0x00007ffd2d0b8000 	C:\WINDOWS\SYSTEM32\bcrypt.dll
0x00007ffd2d760000 - 0x00007ffd2d7da000 	C:\WINDOWS\System32\bcryptprimitives.dll
0x00007ffd2cef0000 - 0x00007ffd2cefc000 	C:\WINDOWS\SYSTEM32\CRYPTBASE.dll
0x00007ffd26c70000 - 0x00007ffd26c89000 	C:\WINDOWS\SYSTEM32\dhcpcsvc6.DLL
0x00007ffd26c50000 - 0x00007ffd26c6f000 	C:\WINDOWS\SYSTEM32\dhcpcsvc.DLL
0x00007ffd02b00000 - 0x00007ffd02b17000 	C:\WINDOWS\system32\napinsp.dll
0x00007ffd029b0000 - 0x00007ffd029cb000 	C:\WINDOWS\system32\pnrpnsp.dll
0x00007ffd02990000 - 0x00007ffd029a1000 	C:\WINDOWS\System32\winrnr.dll
0x00007ffd1f730000 - 0x00007ffd1f745000 	C:\WINDOWS\system32\wshbth.dll
0x00007ffd02960000 - 0x00007ffd02981000 	C:\WINDOWS\system32\nlansp_c.dll
0x00007ffd2af80000 - 0x00007ffd2b1ae000 	C:\WINDOWS\SYSTEM32\dbghelp.dll
0x00007ffd2ec80000 - 0x00007ffd2ed57000 	C:\WINDOWS\System32\OLEAUT32.dll

VM Arguments:
jvm_args: -XX:TieredStopAtLevel=1 -Xverify:none -Dspring.output.ansi.enabled=always -Dcom.sun.management.jmxremote -Dspring.jmx.enabled=true -Dspring.liveBeansView.mbeanDomain -Dspring.application.admin.enabled=true -javaagent:C:\Program Files\JetBrains\IntelliJ\IntelliJ IDEA 2020.1\lib\idea_rt.jar=60439:C:\Program Files\JetBrains\IntelliJ\IntelliJ IDEA 2020.1\bin -Dfile.encoding=UTF-8 
java_command: com.federal.checklist.WebStreamApplication
java_class_path (initial): C:\Program Files\Java\jdk1.8.0_202\jre\lib\charsets.jar;C:\Program Files\Java\jdk1.8.0_202\jre\lib\deploy.jar;C:\Program Files\Java\jdk1.8.0_202\jre\lib\ext\access-bridge-64.jar;C:\Program Files\Java\jdk1.8.0_202\jre\lib\ext\cldrdata.jar;C:\Program Files\Java\jdk1.8.0_202\jre\lib\ext\dnsns.jar;C:\Program Files\Java\jdk1.8.0_202\jre\lib\ext\jaccess.jar;C:\Program Files\Java\jdk1.8.0_202\jre\lib\ext\jfxrt.jar;C:\Program Files\Java\jdk1.8.0_202\jre\lib\ext\localedata.jar;C:\Program Files\Java\jdk1.8.0_202\jre\lib\ext\nashorn.jar;C:\Program Files\Java\jdk1.8.0_202\jre\lib\ext\sunec.jar;C:\Program Files\Java\jdk1.8.0_202\jre\lib\ext\sunjce_provider.jar;C:\Program Files\Java\jdk1.8.0_202\jre\lib\ext\sunmscapi.jar;C:\Program Files\Java\jdk1.8.0_202\jre\lib\ext\sunpkcs11.jar;C:\Program Files\Java\jdk1.8.0_202\jre\lib\ext\zipfs.jar;C:\Program Files\Java\jdk1.8.0_202\jre\lib\javaws.jar;C:\Program Files\Java\jdk1.8.0_202\jre\lib\jce.jar;C:\Program Files\Java\jdk1.8.0_202\jre\lib\jfr.jar;C:\Program Files\Java\jdk1.8.0_202\jre\lib\jfxswt.jar;C:\Program Files\Java\jdk1.8.0_202\jre\lib\jsse.jar;C:\Program Files\Java\jdk1.8.0_202\jre\lib\management-agent.jar;C:\Program Files\Java\jdk1.8.0_202\jre\lib\plugin.jar;C:\Program Files\Java\jdk1.8.0_202\jre\lib\resources.jar;C:\Program Files\Java\jdk1.8.0_202\jre\lib\rt.jar;D:\checklist_webstream\target\classes;D:\checklist_webstream\lib\javax.transaction.jar;D:\checklist_webstream\lib\javax.ejb.jar;D:\checklist_webstream\lib\javax.jms.jar;D:\checklist_webstream\lib\javax.resource.jar;C:\Users\LENOVO\.m2\repository\org\springframework\boot\spring-boot-starter-web\2.5.4\spring-boot-starter-web-2.5.4.jar;C:\Users\LENOVO\.m2\repository\org\springframework\boot\spring-boot-starter\2.5.4\spring-boot-starter-2.5.4.jar;C:\Users\LENOVO\.m2\repository\org\springframework\boot\spring-boot-starter-logging\2.5.4\spring-boot-starter-logging-2.5.4.jar;C:\Users\LENOVO\.m2\repository\ch\qos\logback\logback-classic\1.2.5\logbac
Launcher Type: SUN_STANDARD

Environment Variables:
JAVA_HOME=C:\Program Files\Java\jdk1.8.0_202
PATH=C:\oraclexe\app\oracle\product\11.2.0\server\bin;C:\Program Files (x86)\Common Files\Oracle\Java\javapath;C:\Windows\system32;C:\Windows;C:\Windows\System32\Wbem;C:\Windows\System32\WindowsPowerShell\v1.0\;C:\Windows\System32\OpenSSH\;C:\Program Files (x86)\NVIDIA Corporation\PhysX\Common;C:\Program Files\NVIDIA Corporation\NVIDIA NvDLISR;C:\Program Files\Git\cmd;C:\Program Files\nodejs\;%SystemRoot%\system32;%SystemRoot%;%SystemRoot%\System32\Wbem;%SYSTEMROOT%\System32\WindowsPowerShell\v1.0\;%SYSTEMROOT%\System32\OpenSSH\;C:\Users\LENOVO\AppData\Local\Programs\Python\Python311\Scripts\;C:\Users\LENOVO\AppData\Local\Programs\Python\Python311\;C:\Users\LENOVO\AppData\Local\Microsoft\WindowsApps;;C:\Program Files\JetBrains\IntelliJ\IntelliJ IDEA 2020.1\bin;;C:\Users\LENOVO\AppData\Roaming\npm
USERNAME=LENOVO
OS=Windows_NT
PROCESSOR_IDENTIFIER=Intel64 Family 6 Model 140 Stepping 1, GenuineIntel



---------------  S Y S T E M  ---------------

OS: Windows 10.0 , 64 bit Build 22621 (10.0.22621.2215)

CPU:total 8 (initial active 8) (4 cores per cpu, 2 threads per core) family 6 model 140 stepping 1, cmov, cx8, fxsr, mmx, sse, sse2, sse3, ssse3, sse4.1, sse4.2, popcnt, avx, avx2, aes, clmul, erms, 3dnowpref, lzcnt, ht, tsc, tscinvbit, bmi1, bmi2, adx

Memory: 4k page, physical 16555320k(2621744k free), swap 41784408k(6847252k free)

vm_info: Java HotSpot(TM) 64-Bit Server VM (25.202-b08) for windows-amd64 JRE (1.8.0_202-b08), built on Dec 15 2018 19:54:30 by "java_re" with MS VC++ 10.0 (VS2010)

time: Thu Oct 05 11:14:42 2023
timezone: India Standard Time
elapsed time: 0 seconds (0d 0h 0m 0s)

